# JRE version: OpenJDK Runtime Environment Microsoft-8035246 (17.0.8+7) (build 17.0.8+7-LTS)
# Java VM: OpenJDK 64-Bit Server VM Microsoft-8035246 (17.0.8+7-LTS, mixed mode, sharing, tiered, compressed oops, compressed class ptrs, g1 gc, windows-amd64)
GC Precious Log:
 CPUs: 4 total, 4 available
 Memory: 7861M
 Large Page Support: Disabled
 NUMA Support: Disabled
 Compressed Oops: Enabled (32-bit)
 Heap Region Size: 1M
 Heap Min Capacity: 8M
 Heap Initial Capacity: 124M
 Heap Max Capacity: 2G
 Pre-touch: Disabled
 Parallel Workers: 4
 Concurrent Workers: 1
 Concurrent Refinement Workers: 4
 Periodic GC: Disabled
Heap:
 garbage-first heap   total 301056K, used 163290K [0x0000000080000000, 0x0000000100000000)
  region size 1024K, 18 young (18432K), 7 survivors (7168K)
 Metaspace       used 97858K, committed 98752K, reserved 557056K
  class space    used 13698K, committed 14144K, reserved 425984K
GC Heap History (20 events):
Event: 25.664 GC heap before
{Heap before GC invocations=34 (full 0):
 garbage-first heap   total 158720K, used 86863K [0x0000000080000000, 0x0000000100000000)
  region size 1024K, 7 young (7168K), 4 survivors (4096K)
 Metaspace       used 72102K, committed 72768K, reserved 491520K
  class space    used 10073K, committed 10368K, reserved 425984K
}
Event: 25.670 GC heap after
{Heap after GC invocations=35 (full 0):
 garbage-first heap   total 158720K, used 83301K [0x0000000080000000, 0x0000000100000000)
  region size 1024K, 1 young (1024K), 1 survivors (1024K)
 Metaspace       used 72102K, committed 72768K, reserved 491520K
  class space    used 10073K, committed 10368K, reserved 425984K
}
Event: 26.313 GC heap before
{Heap before GC invocations=35 (full 0):
 garbage-first heap   total 158720K, used 117093K [0x0000000080000000, 0x0000000100000000)
  region size 1024K, 34 young (34816K), 1 survivors (1024K)
 Metaspace       used 74450K, committed 75136K, reserved 491520K
  class space    used 10369K, committed 10688K, reserved 425984K
}
Event: 26.317 GC heap after
{Heap after GC invocations=36 (full 0):
 garbage-first heap   total 158720K, used 84770K [0x0000000080000000, 0x0000000100000000)
  region size 1024K, 2 young (2048K), 2 survivors (2048K)
 Metaspace       used 74450K, committed 75136K, reserved 491520K
  class space    used 10369K, committed 10688K, reserved 425984K
}
Event: 27.236 GC heap before
{Heap before GC invocations=37 (full 0):
 garbage-first heap   total 158720K, used 120610K [0x0000000080000000, 0x0000000100000000)
  region size 1024K, 37 young (37888K), 2 survivors (2048K)
 Metaspace       used 76950K, committed 77696K, reserved 557056K
  class space    used 10721K, committed 11072K, reserved 425984K
}
Event: 27.243 GC heap after
{Heap after GC invocations=38 (full 0):
 garbage-first heap   total 158720K, used 86578K [0x0000000080000000, 0x0000000100000000)
  region size 1024K, 4 young (4096K), 4 survivors (4096K)
 Metaspace       used 76950K, committed 77696K, reserved 557056K
  class space    used 10721K, committed 11072K, reserved 425984K
}
Event: 27.270 GC heap before
{Heap before GC invocations=38 (full 0):
 garbage-first heap   total 158720K, used 89650K [0x0000000080000000, 0x0000000100000000)
  region size 1024K, 7 young (7168K), 4 survivors (4096K)
 Metaspace       used 76963K, committed 77696K, reserved 557056K
  class space    used 10722K, committed 11072K, reserved 425984K
}
Event: 27.278 GC heap after
{Heap after GC invocations=39 (full 0):
 garbage-first heap   total 158720K, used 87281K [0x0000000080000000, 0x0000000100000000)
  region size 1024K, 1 young (1024K), 1 survivors (1024K)
 Metaspace       used 76963K, committed 77696K, reserved 557056K
  class space    used 10722K, committed 11072K, reserved 425984K
}
Event: 31.829 GC heap before
{Heap before GC invocations=39 (full 0):
 garbage-first heap   total 158720K, used 124145K [0x0000000080000000, 0x0000000100000000)
  region size 1024K, 37 young (37888K), 1 survivors (1024K)
 Metaspace       used 77216K, committed 77888K, reserved 557056K
  class space    used 10756K, committed 11072K, reserved 425984K
}
Event: 31.835 GC heap after
{Heap after GC invocations=40 (full 0):
 garbage-first heap   total 301056K, used 89265K [0x0000000080000000, 0x0000000100000000)
  region size 1024K, 3 young (3072K), 3 survivors (3072K)
 Metaspace       used 77216K, committed 77888K, reserved 557056K
  class space    used 10756K, committed 11072K, reserved 425984K
}
Event: 33.890 GC heap before
{Heap before GC invocations=41 (full 0):
 garbage-first heap   total 301056K, used 211121K [0x0000000080000000, 0x0000000100000000)
  region size 1024K, 121 young (123904K), 3 survivors (3072K)
 Metaspace       used 84889K, committed 85632K, reserved 557056K
  class space    used 11989K, committed 12352K, reserved 425984K
}
Event: 33.903 GC heap after
{Heap after GC invocations=42 (full 0):
 garbage-first heap   total 301056K, used 93797K [0x0000000080000000, 0x0000000100000000)
  region size 1024K, 8 young (8192K), 8 survivors (8192K)
 Metaspace       used 84889K, committed 85632K, reserved 557056K
  class space    used 11989K, committed 12352K, reserved 425984K
}
Event: 37.274 GC heap before
{Heap before GC invocations=42 (full 0):
 garbage-first heap   total 301056K, used 240229K [0x0000000080000000, 0x0000000100000000)
  region size 1024K, 144 young (147456K), 8 survivors (8192K)
 Metaspace       used 88124K, committed 89088K, reserved 557056K
  class space    used 12427K, committed 12864K, reserved 425984K
}
Event: 37.310 GC heap after
{Heap after GC invocations=43 (full 0):
 garbage-first heap   total 301056K, used 129204K [0x0000000080000000, 0x0000000100000000)
  region size 1024K, 18 young (18432K), 18 survivors (18432K)
 Metaspace       used 88124K, committed 89088K, reserved 557056K
  class space    used 12427K, committed 12864K, reserved 425984K
}
Event: 39.963 GC heap before
{Heap before GC invocations=43 (full 0):
 garbage-first heap   total 301056K, used 227508K [0x0000000080000000, 0x0000000100000000)
  region size 1024K, 114 young (116736K), 18 survivors (18432K)
 Metaspace       used 94769K, committed 95680K, reserved 557056K
  class space    used 13337K, committed 13760K, reserved 425984K
}
Event: 39.989 GC heap after
{Heap after GC invocations=44 (full 0):
 garbage-first heap   total 301056K, used 137517K [0x0000000080000000, 0x0000000100000000)
  region size 1024K, 8 young (8192K), 8 survivors (8192K)
 Metaspace       used 94769K, committed 95680K, reserved 557056K
  class space    used 13337K, committed 13760K, reserved 425984K
}
Event: 42.051 GC heap before
{Heap before GC invocations=44 (full 0):
 garbage-first heap   total 301056K, used 233773K [0x0000000080000000, 0x0000000100000000)
  region size 1024K, 102 young (104448K), 8 survivors (8192K)
 Metaspace       used 97271K, committed 98176K, reserved 557056K
  class space    used 13639K, committed 14080K, reserved 425984K
}
Event: 42.081 GC heap after
{Heap after GC invocations=45 (full 0):
 garbage-first heap   total 301056K, used 146514K [0x0000000080000000, 0x0000000100000000)
  region size 1024K, 10 young (10240K), 10 survivors (10240K)
 Metaspace       used 97271K, committed 98176K, reserved 557056K
  class space    used 13639K, committed 14080K, reserved 425984K
}
Event: 44.791 GC heap before
{Heap before GC invocations=45 (full 0):
 garbage-first heap   total 301056K, used 237650K [0x0000000080000000, 0x0000000100000000)
  region size 1024K, 99 young (101376K), 10 survivors (10240K)
 Metaspace       used 97858K, committed 98752K, reserved 557056K
  class space    used 13698K, committed 14144K, reserved 425984K
}
Event: 44.818 GC heap after
{Heap after GC invocations=46 (full 0):
 garbage-first heap   total 301056K, used 153050K [0x0000000080000000, 0x0000000100000000)
  region size 1024K, 7 young (7168K), 7 survivors (7168K)
 Metaspace       used 97858K, committed 98752K, reserved 557056K
  class space    used 13698K, committed 14144K, reserved 425984K
}

